<?xml version="1.0" encoding="UTF-8"?>
<!-- Generated by org.testng.reporters.JUnitReportReporter -->
<testsuite hostname="AmitQA" name="Module_Package.Registration_Module" tests="1" failures="0" timestamp="13 Mar 2018 09:09:27 GMT" time="11.442" errors="0">
  <testcase name="Registration_Module" time="11.442" classname="Module_Package.Registration_Module"/>
</testsuite> <!-- Module_Package.Registration_Module -->
