<?xml version="1.0" encoding="UTF-8"?>
<!-- Generated by org.testng.reporters.JUnitReportReporter -->
<testsuite hostname="AmitQA" name="Mult_Package.Mult_Func" tests="1" failures="0" timestamp="8 Mar 2018 11:06:51 GMT" time="7.487" errors="0">
  <testcase name="multiply_function" time="7.487" classname="Mult_Package.Mult_Func"/>
</testsuite> <!-- Mult_Package.Mult_Func -->
