<?xml version="1.0" encoding="UTF-8"?>
<!-- Generated by org.testng.reporters.JUnitReportReporter -->
<testsuite hostname="AmitQA" name="slateandtell.bar.regression.bar_regression" tests="1" failures="0" timestamp="15 Mar 2018 11:35:53 GMT" time="12.896" errors="0">
  <testcase name="bar_module" time="12.896" classname="slateandtell.bar.regression.bar_regression"/>
</testsuite> <!-- slateandtell.bar.regression.bar_regression -->
