<?xml version="1.0" encoding="UTF-8"?>
<!-- Generated by org.testng.reporters.JUnitReportReporter -->
<testsuite hostname="AmitQA" name="Mult_Package.Mult_Func" tests="1" failures="0" timestamp="8 Mar 2018 10:47:13 GMT" time="2.292" errors="0">
  <testcase name="multiply_function" time="2.292" classname="Mult_Package.Mult_Func"/>
</testsuite> <!-- Mult_Package.Mult_Func -->
