<?xml version="1.0" encoding="UTF-8"?>
<!-- Generated by org.testng.reporters.JUnitReportReporter -->
<testsuite hostname="AmitQA" name="slateandtell.bar.regression.bar_regression" tests="1" failures="0" timestamp="19 Mar 2018 07:43:18 GMT" time="13.091" errors="0">
  <testcase name="bar_module" time="13.091" classname="slateandtell.bar.regression.bar_regression"/>
</testsuite> <!-- slateandtell.bar.regression.bar_regression -->
